<?xml version="1.0" encoding="UTF-8"?>
<testng-results ignored="0" total="2" passed="2" failed="0" skipped="0">
  <reporter-output>
  </reporter-output>
  <suite started-at="2022-09-01T00:13:41 WIB" name="Default suite" finished-at="2022-09-01T00:14:38 WIB" duration-ms="57058">
    <groups>
      <group name="cucumber">
        <method signature="AbstractTestNGCucumberTests.runScenario(io.cucumber.testng.PickleWrapper,io.cucumber.testng.FeatureWrapper)[pri:0, instance:com.juaracoding.testng.cucumber.shop.demoqa.cucumber.TestRunner@708f5957]" name="runScenario" class="io.cucumber.testng.AbstractTestNGCucumberTests"/>
      </group> <!-- cucumber -->
    </groups>
    <test started-at="2022-09-01T00:13:41 WIB" name="Default test" finished-at="2022-09-01T00:14:38 WIB" duration-ms="57058">
      <class name="com.juaracoding.testng.cucumber.shop.demoqa.cucumber.TestRunner">
        <test-method is-config="true" signature="setUpClass(org.testng.ITestContext)[pri:0, instance:com.juaracoding.testng.cucumber.shop.demoqa.cucumber.TestRunner@708f5957]" started-at="2022-09-01T00:13:41 WIB" name="setUpClass" finished-at="2022-09-01T00:13:42 WIB" duration-ms="519" status="PASS">
          <params>
            <param index="0">
              <value>
                <![CDATA[org.testng.TestRunner@1668919e]]>
              </value>
            </param>
          </params>
          <reporter-output>
          </reporter-output>
        </test-method> <!-- setUpClass -->
        <test-method signature="runScenario(io.cucumber.testng.PickleWrapper,io.cucumber.testng.FeatureWrapper)[pri:0, instance:com.juaracoding.testng.cucumber.shop.demoqa.cucumber.TestRunner@708f5957]" started-at="2022-09-01T00:13:42 WIB" name="runScenario" description="Runs Cucumber Scenarios" data-provider="scenarios" finished-at="2022-09-01T00:13:58 WIB" duration-ms="16712" status="PASS">
          <params>
            <param index="0">
              <value>
                <![CDATA["User valid Login"]]>
              </value>
            </param>
            <param index="1">
              <value>
                <![CDATA["Login User"]]>
              </value>
            </param>
          </params>
          <reporter-output>
          </reporter-output>
        </test-method> <!-- runScenario -->
        <test-method signature="runScenario(io.cucumber.testng.PickleWrapper,io.cucumber.testng.FeatureWrapper)[pri:0, instance:com.juaracoding.testng.cucumber.shop.demoqa.cucumber.TestRunner@708f5957]" started-at="2022-09-01T00:13:58 WIB" name="runScenario" description="Runs Cucumber Scenarios" data-provider="scenarios" finished-at="2022-09-01T00:14:36 WIB" duration-ms="37492" status="PASS">
          <params>
            <param index="0">
              <value>
                <![CDATA["user check out item"]]>
              </value>
            </param>
            <param index="1">
              <value>
                <![CDATA["Place Order"]]>
              </value>
            </param>
          </params>
          <reporter-output>
          </reporter-output>
        </test-method> <!-- runScenario -->
        <test-method is-config="true" signature="tearDownClass()[pri:0, instance:com.juaracoding.testng.cucumber.shop.demoqa.cucumber.TestRunner@708f5957]" started-at="2022-09-01T00:14:36 WIB" name="tearDownClass" finished-at="2022-09-01T00:14:38 WIB" duration-ms="2298" status="PASS">
          <reporter-output>
          </reporter-output>
        </test-method> <!-- tearDownClass -->
      </class> <!-- com.juaracoding.testng.cucumber.shop.demoqa.cucumber.TestRunner -->
    </test> <!-- Default test -->
  </suite> <!-- Default suite -->
</testng-results>
